# JRE version: Java(TM) SE Runtime Environment (23.0.1+11) (build 23.0.1+11-39)
# Java VM: Java HotSpot(TM) 64-Bit Server VM (23.0.1+11-39, mixed mode, sharing, tiered, compressed oops, compressed class ptrs, g1 gc, windows-amd64)
GC Precious Log:
 CardTable entry size: 512
 Card Set container configuration: InlinePtr #cards 5 size 8 Array Of Cards #cards 10 size 36 Howl #buckets 4 coarsen threshold 1843 Howl Bitmap #cards 512 size 80 coarsen threshold 460 Card regions per heap region 1 cards per card region 2048
 CPUs: 8 total, 8 available
 Memory: 7997M
 Large Page Support: Disabled
 NUMA Support: Disabled
 Compressed Oops: Enabled (32-bit)
 Heap Region Size: 1M
 Heap Min Capacity: 8M
 Heap Initial Capacity: 126M
 Heap Max Capacity: 2000M
 Pre-touch: Disabled
 Parallel Workers: 8
 Concurrent Workers: 2
 Concurrent Refinement Workers: 8
 Periodic GC: Disabled
Heap:
 garbage-first heap   total reserved 2048000K, committed 48128K, used 33285K [0x0000000083000000, 0x0000000100000000)
  region size 1024K, 12 young (12288K), 2 survivors (2048K)
 Metaspace       used 61231K, committed 61824K, reserved 1114112K
  class space    used 8385K, committed 8640K, reserved 1048576K
GC Heap History (20 events):
Event: 5.015 GC heap before
{Heap before GC invocations=2 (full 0):
 garbage-first heap   total reserved 2048000K, committed 129024K, used 49313K [0x0000000083000000, 0x0000000100000000)
  region size 1024K, 43 young (44032K), 3 survivors (3072K)
 Metaspace       used 21209K, committed 21504K, reserved 1114112K
  class space    used 2613K, committed 2752K, reserved 1048576K
}
Event: 5.033 GC heap after
{Heap after GC invocations=3 (full 0):
 garbage-first heap   total reserved 2048000K, committed 129024K, used 14083K [0x0000000083000000, 0x0000000100000000)
  region size 1024K, 6 young (6144K), 6 survivors (6144K)
 Metaspace       used 21209K, committed 21504K, reserved 1114112K
  class space    used 2613K, committed 2752K, reserved 1048576K
}
Event: 6.763 GC heap before
{Heap before GC invocations=4 (full 0):
 garbage-first heap   total reserved 2048000K, committed 48128K, used 36611K [0x0000000083000000, 0x0000000100000000)
  region size 1024K, 28 young (28672K), 6 survivors (6144K)
 Metaspace       used 24878K, committed 25280K, reserved 1114112K
  class space    used 3156K, committed 3328K, reserved 1048576K
}
Event: 6.792 GC heap after
{Heap after GC invocations=5 (full 0):
 garbage-first heap   total reserved 2048000K, committed 48128K, used 15684K [0x0000000083000000, 0x0000000100000000)
  region size 1024K, 2 young (2048K), 2 survivors (2048K)
 Metaspace       used 24878K, committed 25280K, reserved 1114112K
  class space    used 3156K, committed 3328K, reserved 1048576K
}
Event: 8.407 GC heap before
{Heap before GC invocations=5 (full 0):
 garbage-first heap   total reserved 2048000K, committed 48128K, used 34116K [0x0000000083000000, 0x0000000100000000)
  region size 1024K, 21 young (21504K), 2 survivors (2048K)
 Metaspace       used 29344K, committed 29824K, reserved 1114112K
  class space    used 3754K, committed 3968K, reserved 1048576K
}
Event: 8.437 GC heap after
{Heap after GC invocations=6 (full 0):
 garbage-first heap   total reserved 2048000K, committed 48128K, used 18065K [0x0000000083000000, 0x0000000100000000)
  region size 1024K, 3 young (3072K), 3 survivors (3072K)
 Metaspace       used 29344K, committed 29824K, reserved 1114112K
  class space    used 3754K, committed 3968K, reserved 1048576K
}
Event: 10.058 GC heap before
{Heap before GC invocations=6 (full 0):
 garbage-first heap   total reserved 2048000K, committed 48128K, used 36497K [0x0000000083000000, 0x0000000100000000)
  region size 1024K, 22 young (22528K), 3 survivors (3072K)
 Metaspace       used 33710K, committed 34176K, reserved 1114112K
  class space    used 4410K, committed 4608K, reserved 1048576K
}
Event: 10.066 GC heap after
{Heap after GC invocations=7 (full 0):
 garbage-first heap   total reserved 2048000K, committed 48128K, used 19384K [0x0000000083000000, 0x0000000100000000)
  region size 1024K, 2 young (2048K), 2 survivors (2048K)
 Metaspace       used 33710K, committed 34176K, reserved 1114112K
  class space    used 4410K, committed 4608K, reserved 1048576K
}
Event: 10.520 GC heap before
{Heap before GC invocations=7 (full 0):
 garbage-first heap   total reserved 2048000K, committed 48128K, used 25528K [0x0000000083000000, 0x0000000100000000)
  region size 1024K, 9 young (9216K), 2 survivors (2048K)
 Metaspace       used 35472K, committed 35968K, reserved 1114112K
  class space    used 4698K, committed 4864K, reserved 1048576K
}
Event: 10.526 GC heap after
{Heap after GC invocations=8 (full 0):
 garbage-first heap   total reserved 2048000K, committed 48128K, used 19553K [0x0000000083000000, 0x0000000100000000)
  region size 1024K, 2 young (2048K), 2 survivors (2048K)
 Metaspace       used 35472K, committed 35968K, reserved 1114112K
  class space    used 4698K, committed 4864K, reserved 1048576K
}
Event: 12.610 GC heap before
{Heap before GC invocations=9 (full 0):
 garbage-first heap   total reserved 2048000K, committed 48128K, used 37985K [0x0000000083000000, 0x0000000100000000)
  region size 1024K, 21 young (21504K), 2 survivors (2048K)
 Metaspace       used 44233K, committed 44736K, reserved 1114112K
  class space    used 5842K, committed 6016K, reserved 1048576K
}
Event: 12.618 GC heap after
{Heap after GC invocations=10 (full 0):
 garbage-first heap   total reserved 2048000K, committed 48128K, used 21630K [0x0000000083000000, 0x0000000100000000)
  region size 1024K, 3 young (3072K), 3 survivors (3072K)
 Metaspace       used 44233K, committed 44736K, reserved 1114112K
  class space    used 5842K, committed 6016K, reserved 1048576K
}
Event: 13.696 GC heap before
{Heap before GC invocations=10 (full 0):
 garbage-first heap   total reserved 2048000K, committed 48128K, used 39038K [0x0000000083000000, 0x0000000100000000)
  region size 1024K, 21 young (21504K), 3 survivors (3072K)
 Metaspace       used 48417K, committed 49024K, reserved 1114112K
  class space    used 6428K, committed 6720K, reserved 1048576K
}
Event: 13.707 GC heap after
{Heap after GC invocations=11 (full 0):
 garbage-first heap   total reserved 2048000K, committed 48128K, used 22884K [0x0000000083000000, 0x0000000100000000)
  region size 1024K, 2 young (2048K), 2 survivors (2048K)
 Metaspace       used 48417K, committed 49024K, reserved 1114112K
  class space    used 6428K, committed 6720K, reserved 1048576K
}
Event: 14.758 GC heap before
{Heap before GC invocations=11 (full 0):
 garbage-first heap   total reserved 2048000K, committed 48128K, used 40292K [0x0000000083000000, 0x0000000100000000)
  region size 1024K, 20 young (20480K), 2 survivors (2048K)
 Metaspace       used 54824K, committed 55424K, reserved 1114112K
  class space    used 7403K, committed 7680K, reserved 1048576K
}
Event: 14.763 GC heap after
{Heap after GC invocations=12 (full 0):
 garbage-first heap   total reserved 2048000K, committed 48128K, used 23570K [0x0000000083000000, 0x0000000100000000)
  region size 1024K, 3 young (3072K), 3 survivors (3072K)
 Metaspace       used 54824K, committed 55424K, reserved 1114112K
  class space    used 7403K, committed 7680K, reserved 1048576K
}
Event: 15.630 GC heap before
{Heap before GC invocations=12 (full 0):
 garbage-first heap   total reserved 2048000K, committed 48128K, used 39954K [0x0000000083000000, 0x0000000100000000)
  region size 1024K, 20 young (20480K), 3 survivors (3072K)
 Metaspace       used 59353K, committed 59968K, reserved 1114112K
  class space    used 8080K, committed 8320K, reserved 1048576K
}
Event: 15.637 GC heap after
{Heap after GC invocations=13 (full 0):
 garbage-first heap   total reserved 2048000K, committed 48128K, used 24836K [0x0000000083000000, 0x0000000100000000)
  region size 1024K, 3 young (3072K), 3 survivors (3072K)
 Metaspace       used 59353K, committed 59968K, reserved 1114112K
  class space    used 8080K, committed 8320K, reserved 1048576K
}
Event: 15.755 GC heap before
{Heap before GC invocations=13 (full 0):
 garbage-first heap   total reserved 2048000K, committed 48128K, used 26884K [0x0000000083000000, 0x0000000100000000)
  region size 1024K, 6 young (6144K), 3 survivors (3072K)
 Metaspace       used 59487K, committed 60096K, reserved 1114112K
  class space    used 8088K, committed 8384K, reserved 1048576K
}
Event: 15.760 GC heap after
{Heap after GC invocations=14 (full 0):
 garbage-first heap   total reserved 2048000K, committed 48128K, used 25093K [0x0000000083000000, 0x0000000100000000)
  region size 1024K, 2 young (2048K), 2 survivors (2048K)
 Metaspace       used 59487K, committed 60096K, reserved 1114112K
  class space    used 8088K, committed 8384K, reserved 1048576K
}

